<?xml version="1.0" encoding="UTF-8"?>
<!-- Generated by org.testng.reporters.JUnitReportReporter -->
<testsuite skipped="0" hostname="LT071604" name="testCases.SecondPage" tests="1" failures="0" timestamp="07 Jan 2018 10:34:38 GMT" time="0.006" errors="0">
  <testcase name="ff" time="0.006" classname="testCases.SecondPage"/>
</testsuite> <!-- testCases.SecondPage -->
