<?xml version="1.0" encoding="UTF-8"?>
<!-- Generated by org.testng.reporters.JUnitReportReporter -->
<testsuite skipped="0" hostname="M-C02WN271HTD6" name="testCases.HomePageTest" tests="1" failures="0" timestamp="02 Aug 2018 06:55:50 GMT" time="30.311" errors="0">
  <testcase name="tc" time="30.311" classname="testCases.HomePageTest"/>
</testsuite> <!-- testCases.HomePageTest -->
